[debug] [2026-07-13T16:39:35.266Z] ----------------------------------------------------------------------
[debug] [2026-07-13T16:39:35.293Z] Command:       C:\Program Files\nodejs\node.exe C:\Users\josep\AppData\Roaming\npm\node_modules\firebase-tools\lib\bin\firebase.js init
[debug] [2026-07-13T16:39:35.294Z] CLI Version:   15.23.0
[debug] [2026-07-13T16:39:35.294Z] Platform:      win32
[debug] [2026-07-13T16:39:35.294Z] Node Version:  v22.20.0
[debug] [2026-07-13T16:39:35.295Z] Detected Agent: unknown
[debug] [2026-07-13T16:39:35.295Z] Time:          Mon Jul 13 2026 18:39:35 GMT+0200 (South Africa Standard Time)
[debug] [2026-07-13T16:39:35.295Z] ----------------------------------------------------------------------
[debug] 
[info] 
     ######## #### ########  ######## ########     ###     ######  ########
     ##        ##  ##     ## ##       ##     ##  ##   ##  ##       ##
     ######    ##  ########  ######   ########  #########  ######  ######
     ##        ##  ##    ##  ##       ##     ## ##     ##       ## ##
     ##       #### ##     ## ######## ########  ##     ##  ######  ########

You're about to initialize a Firebase project in this directory:

  D:\Portraits\my-portrait

[info] 
=== Project Setup
[info] 
[info] First, let's associate this project directory with a Firebase project.
[info] You can create multiple project aliases by running firebase use --add, 
[info] 
[debug] [2026-07-13T16:40:52.524Z] > command requires scopes: ["email","openid","https://www.googleapis.com/auth/cloudplatformprojects.readonly","https://www.googleapis.com/auth/firebase","https://www.googleapis.com/auth/cloud-platform"]
[debug] [2026-07-13T16:40:52.528Z] > authorizing via signed-in user (josefmarie123@gmail.com)
[debug] [2026-07-13T16:40:52.603Z] Checked if tokens are valid: true, expires at: 1783964350650
[debug] [2026-07-13T16:40:52.603Z] Checked if tokens are valid: true, expires at: 1783964350650
[debug] [2026-07-13T16:40:52.608Z] >>> [apiv2][query] GET https://firebase.googleapis.com/v1beta1/projects pageSize=100
[debug] [2026-07-13T16:40:54.475Z] <<< [apiv2][status] GET https://firebase.googleapis.com/v1beta1/projects 200
[debug] [2026-07-13T16:40:54.476Z] <<< [apiv2][body] GET https://firebase.googleapis.com/v1beta1/projects [omitted]
[info] 
=== Hosting Setup
[info] 
[debug] [2026-07-13T16:41:36.170Z] Checked if tokens are valid: true, expires at: 1783964350650
[debug] [2026-07-13T16:41:36.170Z] Checked if tokens are valid: true, expires at: 1783964350650
[debug] [2026-07-13T16:41:36.171Z] >>> [apiv2][query] GET https://firebase.googleapis.com/v1beta1/projects/my-portraits [none]
[debug] [2026-07-13T16:41:42.490Z] <<< [apiv2][status] GET https://firebase.googleapis.com/v1beta1/projects/my-portraits 200
[debug] [2026-07-13T16:41:42.491Z] <<< [apiv2][body] GET https://firebase.googleapis.com/v1beta1/projects/my-portraits {"projectId":"my-portraits","projectNumber":"580276525665","displayName":"My Portraits","name":"projects/my-portraits","resources":{"hostingSite":"my-portraits"},"state":"ACTIVE","labels":{"firebase":"enabled"},"etag":"1_e339657e-91bd-4d22-80e4-8623057e2285"}
[info] 
[info] Your public directory is the folder (relative to your project directory) that
[info] will contain Hosting assets to be uploaded with firebase deploy. If you
[info] have a build process for your assets, use your build's output directory.
[info] 
[info] 
[info] i  Detected a .git folder at D:\Portraits\my-portrait 
[info] i  Authorizing with GitHub to upload your service account to a GitHub repository's secrets store. 
[info] 
[info] Visit this URL on this device to log in:
[info] https://github.com/login/oauth/authorize?client_id=89cf50f02ac6aaed3484&state=454789768&redirect_uri=http%3A%2F%2Flocalhost%3A9005&scope=read%3Auser%20repo%20public_repo
[info] 
[info] Waiting for authentication...
[debug] [2026-07-13T16:42:12.683Z] >>> [apiv2][query] POST https://github.com/login/oauth/access_token [none]
[debug] [2026-07-13T16:42:12.683Z] >>> [apiv2][body] POST https://github.com/login/oauth/access_token [stream]
[debug] [2026-07-13T16:42:20.563Z] <<< [apiv2][status] POST https://github.com/login/oauth/access_token 200
[debug] [2026-07-13T16:42:20.563Z] <<< [apiv2][body] POST https://github.com/login/oauth/access_token {"access_token":"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","token_type":"bearer","scope":"read:user,repo"}
[debug] [2026-07-13T16:42:20.581Z] >>> [apiv2][query] GET https://api.github.com/user [none]
[debug] [2026-07-13T16:42:24.369Z] <<< [apiv2][status] GET https://api.github.com/user 200
[debug] [2026-07-13T16:42:24.370Z] <<< [apiv2][body] GET https://api.github.com/user {"login":"JosefMarie","id":197874226,"node_id":"U_kgDOC8tSMg","avatar_url":"https://avatars.githubusercontent.com/u/197874226?v=4","gravatar_id":"","url":"https://api.github.com/users/JosefMarie","html_url":"https://github.com/JosefMarie","followers_url":"https://api.github.com/users/JosefMarie/followers","following_url":"https://api.github.com/users/JosefMarie/following{/other_user}","gists_url":"https://api.github.com/users/JosefMarie/gists{/gist_id}","starred_url":"https://api.github.com/users/JosefMarie/starred{/owner}{/repo}","subscriptions_url":"https://api.github.com/users/JosefMarie/subscriptions","organizations_url":"https://api.github.com/users/JosefMarie/orgs","repos_url":"https://api.github.com/users/JosefMarie/repos","events_url":"https://api.github.com/users/JosefMarie/events{/privacy}","received_events_url":"https://api.github.com/users/JosefMarie/received_events","type":"User","user_view_type":"private","site_admin":false,"name":null,"company":null,"blog":"","location":null,"email":null,"hireable":null,"bio":null,"twitter_username":null,"notification_email":null,"public_repos":19,"public_gists":0,"followers":6,"following":0,"created_at":"2025-02-05T06:38:38Z","updated_at":"2026-07-08T08:22:29Z","private_gists":0,"total_private_repos":6,"owned_private_repos":6,"disk_usage":532010,"collaborators":0,"two_factor_authentication":true,"plan":{"name":"free","space":976562499,"collaborators":0,"private_repos":10000}}
[info] 
[info] +  Success! Logged into GitHub as JosefMarie 
[info] 
